
 #################################################################################
										 
    _      _         __  __ _       _                        _           _    
   | |    (_)       |  \/  (_)     (_)     /\               | |         (_)   
   | |     _ _ __   | \  / |_ _ __  _     /  \   _ __   __ _| |_   _ ___ _ ___ 
   | |    | | '_ \  | |\/| | | '_ \| |   / /\ \ | '_ \ / _` | | | | / __| / __|
   | |____| | |_) | | |  | | | | | | |  / ____ \| | | | (_| | | |_| \__ \ \__ \
   |______|_| .__/  |_|  |_|_|_| |_|_| /_/    \_\_| |_|\__,_|_|\__, |___/_|___/
            | |                                                 __/ |          
            |_|                                                |___/           
                                                                              
 #################################################################################
                                                                              
   LipMiniAnalysis  1.00
                                                                              
                                              \      | | / |  /    |   |  ||  
                                               '-___-+-+'  |_/     |   |  |   
   By Antonio Onofre                          `--___-++--^'|       |   | /|   
      (antonio.onofre@cern.ch)                       ||    |       |   |' |   
   Date: 23.Nov.2012                          --___  ||    |       | _/|  |   
                                              ==---:-++___ |  ___--+'  |  |   
                                                '--_'|'---'+--___  |   |  |   
                                                    '+-_   |     '-+__ |  |   
                                              ._.          ._.       ._____   
                                              | |          | |       | ___ \  
                                              | |_.        | |       | .___/  
                                              |___|        |_|       |_|      
                                                                              
   Note: 	this code was built from LipCbrAnalysis developed by             
     		Nuno Castro   (nfcastro@lipc.fis.uc.pt)  and                     
         	Filipe Veloso (fveloso@lipc.fis.uc.pt)                           
                                                                              
                                                                              
 #################################################################################

  Date and Time:  Thu 10 Jan 2013 23:05:41
  Host name: search.di.uminho.pt

 #################################################################################

  OutputFileName = TTbarLF_Alpgen_dilepbb_em
  SetSystematicsFileName = ../RefSys/Ref.txt
  Sample = 801
  CutTriggerEle = -1
  CutTriggerEleMuo = 1
  lepSample = 23

 #################################################################################


 ====================================================
  DefineSamples() :   Running in Mac OS X 10.6.8  ===
 ====================================================

  No truth charged lepton separation is being made for samples 105200/105205

   ATLAS LIP Mini (8TeV) ttH (dilep) Analysis

   Mini TopTools Monte Carlo (MiniTTHReader)
TTbarLF_Alpgen_8TeV

 #################################################################################

Will run for the following ref/systematics:
 0 ../Output/

 #################################################################################

  Next file: ../Links/Data_MC_MarkOwen_8TeV/MC_Alpgen_tt-LF_8TeV.root
  Initializing time was 0.00 s 

Size of Original File: 28554246
Free Space in /dev/shm: 1582555136
Copy Size : 28554246
  Read time was 0.00 s 
  Speed was inf B/s 
 One solution is found to be out of range: 67190.21 80399.99 165417.09 172499.99
 One solution is found to be out of range: 111465.54 80400.02 192544.66 172500.01
 One solution is found to be out of range: 13822872.82 233338.34 15316265.00 435576.38
 One solution is found to be out of range: 13822872.82 233338.34 15316265.00 435576.38
 One solution is found to be out of range: 270245.53 80610.51 349132.90 172823.89
 One solution is found to be out of range: 257324.69 80572.13 335348.84 172764.82
 One solution is found to be out of range: 96669.53 80400.00 183373.57 172500.01
 One solution is found to be out of range: 71193.27 80400.00 166977.66 172500.00
 One solution is found to be out of range: 93593.52 80400.13 184652.62 172500.19
 One solution is found to be out of range: 75468.86 80399.91 168234.99 172499.87
 One solution is found to be out of range: 72730.92 80400.00 166729.70 172500.00
Used File: /dev/shm/LipMiniAnalysisTempFile3840174773
Error File Removing: /dev/shm/LipMiniAnalysisTempFile3840174773
  Partial time was 30.00 s 


 ################################################################################

Summary for 0 ../Output/

  Luminosity set to: 8.46030 fb^-1

  ----------------------------------------------------------------------------
  Total MC (RunNumber = -1):
  ----------------------------------------------------------------------------

    Number of generated events (unweighted) =     106585
    Number of analysed events (unweighted)  =     106585
    Number of analysed events (weighted)    =     106585.0
    Weight of analysed events               =          1.00000
    Luminosity of the sample                =          1.00000

    Level         Weighted             (Unweighted)
      0:   106585.0 +-       nan (    106585 ; 100.00 +- 0.306 % )
      1:   106585.0 +-       nan (    106585 ; 100.00 +- 0.306 % )
      2:   106585.0 +-       nan (    106585 ; 100.00 +- 0.306 % )
      3:   106585.0 +-       nan (    106585 ; 100.00 +- 0.306 % )
      4:   106585.0 +-       nan (    106585 ; 100.00 +- 0.306 % )
      5:    52057.0 +-       nan (     52057 ;  48.84 +- 0.214 % )
      6:    52040.0 +-       nan (     52040 ;  48.82 +- 0.214 % )
      7:    51719.0 +-       nan (     51719 ;  48.52 +- 0.213 % )
      8:    51719.0 +-       nan (     51719 ;  48.52 +- 0.213 % )
      9:    51717.0 +-       nan (     51717 ;  48.52 +- 0.213 % )
     10:    51395.0 +-       nan (     51395 ;  48.22 +- 0.213 % )
     11:    51395.0 +-       nan (     51395 ;  48.22 +- 0.213 % )
     12:    51395.0 +-       nan (     51395 ;  48.22 +- 0.213 % )
     13:    51395.0 +-       nan (     51395 ;  48.22 +- 0.213 % )
     14:    33522.0 +-       nan (     33522 ;  31.45 +- 0.172 % )
     15:    33442.0 +-       nan (     33442 ;  31.38 +- 0.172 % )
     16:    33442.0 +-       nan (     33442 ;  31.38 +- 0.172 % )
     17:    33442.0 +-       nan (     33442 ;  31.38 +- 0.172 % )
     18:    30102.0 +-       nan (     30102 ;  28.24 +- 0.163 % )
     19:      240.0 +-       nan (       240 ;   0.23 +- 0.015 % )
     20:      224.0 +-       nan (       224 ;   0.21 +- 0.014 % )
     21:      119.0 +-       nan (       119 ;   0.11 +- 0.010 % )

  ----------------------------------------------------------------------------
  195847_MC_Alpgen_tt-LF_8TeV (RunNumber = 164440):
  ----------------------------------------------------------------------------

    Number of generated events (unweighted) =     106585
    Number of analysed events (unweighted)  =     106585
    Number of analysed events (weighted)    =     106585.0
    Weight of analysed events               =          1.00000
    Luminosity of the sample                =          8.46030

    Level         Weighted             (Unweighted)
      0:   106585.0 +-    326.47 (    106585 ; 100.00 +- 0.306 % )
      1:   106585.0 +-    326.47 (    106585 ; 100.00 +- 0.306 % )
      2:   106585.0 +-    326.47 (    106585 ; 100.00 +- 0.306 % )
      3:   106585.0 +-    326.47 (    106585 ; 100.00 +- 0.306 % )
      4:   106585.0 +-    326.47 (    106585 ; 100.00 +- 0.306 % )
      5:    52057.0 +-    228.16 (     52057 ;  48.84 +- 0.214 % )
      6:    52040.0 +-    228.12 (     52040 ;  48.82 +- 0.214 % )
      7:    51719.0 +-    227.42 (     51719 ;  48.52 +- 0.213 % )
      8:    51719.0 +-    227.42 (     51719 ;  48.52 +- 0.213 % )
      9:    51717.0 +-    227.41 (     51717 ;  48.52 +- 0.213 % )
     10:    51395.0 +-    226.70 (     51395 ;  48.22 +- 0.213 % )
     11:    51395.0 +-    226.70 (     51395 ;  48.22 +- 0.213 % )
     12:    51395.0 +-    226.70 (     51395 ;  48.22 +- 0.213 % )
     13:    51395.0 +-    226.70 (     51395 ;  48.22 +- 0.213 % )
     14:    33522.0 +-    183.09 (     33522 ;  31.45 +- 0.172 % )
     15:    33442.0 +-    182.87 (     33442 ;  31.38 +- 0.172 % )
     16:    33442.0 +-    182.87 (     33442 ;  31.38 +- 0.172 % )
     17:    33442.0 +-    182.87 (     33442 ;  31.38 +- 0.172 % )
     18:    30102.0 +-    173.50 (     30102 ;  28.24 +- 0.163 % )
     19:      240.0 +-     15.49 (       240 ;   0.23 +- 0.015 % )
     20:      224.0 +-     14.97 (       224 ;   0.21 +- 0.014 % )
     21:      119.0 +-     10.91 (       119 ;   0.11 +- 0.010 % )
  Now is Thu 10 Jan 2013 23:06:14
  Total time was 33.000 s 
