
 #################################################################################
										 
    _      _         __  __ _       _                        _           _    
   | |    (_)       |  \/  (_)     (_)     /\               | |         (_)   
   | |     _ _ __   | \  / |_ _ __  _     /  \   _ __   __ _| |_   _ ___ _ ___ 
   | |    | | '_ \  | |\/| | | '_ \| |   / /\ \ | '_ \ / _` | | | | / __| / __|
   | |____| | |_) | | |  | | | | | | |  / ____ \| | | | (_| | | |_| \__ \ \__ \
   |______|_| .__/  |_|  |_|_|_| |_|_| /_/    \_\_| |_|\__,_|_|\__, |___/_|___/
            | |                                                 __/ |          
            |_|                                                |___/           
                                                                              
 #################################################################################
                                                                              
   LipMiniAnalysis  1.00
                                                                              
                                              \      | | / |  /    |   |  ||  
                                               '-___-+-+'  |_/     |   |  |   
   By Antonio Onofre                          `--___-++--^'|       |   | /|   
      (antonio.onofre@cern.ch)                       ||    |       |   |' |   
   Date: 23.Nov.2012                          --___  ||    |       | _/|  |   
                                              ==---:-++___ |  ___--+'  |  |   
                                                '--_'|'---'+--___  |   |  |   
                                                    '+-_   |     '-+__ |  |   
                                              ._.          ._.       ._____   
                                              | |          | |       | ___ \  
                                              | |_.        | |       | .___/  
                                              |___|        |_|       |_|      
                                                                              
   Note: 	this code was built from LipCbrAnalysis developed by             
     		Nuno Castro   (nfcastro@lipc.fis.uc.pt)  and                     
         	Filipe Veloso (fveloso@lipc.fis.uc.pt)                           
                                                                              
                                                                              
 #################################################################################

  Date and Time:  Thu 10 Jan 2013 23:04:28
  Host name: search.di.uminho.pt

 #################################################################################

  OutputFileName = TTbarLF_Alpgen_dilepbb_ee
  SetSystematicsFileName = ../RefSys/Ref.txt
  Sample = 801
  CutTriggerEle = 1
  lepSample = 21

 #################################################################################


 ====================================================
  DefineSamples() :   Running in Mac OS X 10.6.8  ===
 ====================================================

  No truth charged lepton separation is being made for samples 105200/105205

   ATLAS LIP Mini (8TeV) ttH (dilep) Analysis

   Mini TopTools Monte Carlo (MiniTTHReader)
TTbarLF_Alpgen_8TeV

 #################################################################################

Will run for the following ref/systematics:
 0 ../Output/

 #################################################################################

  Next file: ../Links/Data_MC_MarkOwen_8TeV/MC_Alpgen_tt-LF_8TeV.root
  Initializing time was 0.00 s 

Size of Original File: 28554246
Free Space in /dev/shm: 1582555136
Copy Size : 28554246
  Read time was 1.00 s 
  Speed was 28554246.00 B/s 
Used File: /dev/shm/LipMiniAnalysisTempFile7092239722
Error File Removing: /dev/shm/LipMiniAnalysisTempFile7092239722
  Partial time was 21.00 s 


 ################################################################################

Summary for 0 ../Output/

  Luminosity set to: 8.46030 fb^-1

  ----------------------------------------------------------------------------
  Total MC (RunNumber = -1):
  ----------------------------------------------------------------------------

    Number of generated events (unweighted) =     106585
    Number of analysed events (unweighted)  =     106585
    Number of analysed events (weighted)    =     106585.0
    Weight of analysed events               =          1.00000
    Luminosity of the sample                =          1.00000

    Level         Weighted             (Unweighted)
      0:   106585.0 +-       nan (    106585 ; 100.00 +- 0.306 % )
      1:   106585.0 +-       nan (    106585 ; 100.00 +- 0.306 % )
      2:   106585.0 +-       nan (    106585 ; 100.00 +- 0.306 % )
      3:   106585.0 +-       nan (    106585 ; 100.00 +- 0.306 % )
      4:   106585.0 +-       nan (    106585 ; 100.00 +- 0.306 % )
      5:    18565.0 +-       nan (     18565 ;  17.42 +- 0.128 % )
      6:    18560.0 +-       nan (     18560 ;  17.41 +- 0.128 % )
      7:    18340.0 +-       nan (     18340 ;  17.21 +- 0.127 % )
      8:    18340.0 +-       nan (     18340 ;  17.21 +- 0.127 % )
      9:    18340.0 +-       nan (     18340 ;  17.21 +- 0.127 % )
     10:    18135.0 +-       nan (     18135 ;  17.01 +- 0.126 % )
     11:    18135.0 +-       nan (     18135 ;  17.01 +- 0.126 % )
     12:    18135.0 +-       nan (     18135 ;  17.01 +- 0.126 % )
     13:    18135.0 +-       nan (     18135 ;  17.01 +- 0.126 % )
     14:    11746.0 +-       nan (     11746 ;  11.02 +- 0.102 % )
     15:    11746.0 +-       nan (     11746 ;  11.02 +- 0.102 % )
     16:    11699.0 +-       nan (     11699 ;  10.98 +- 0.101 % )
     17:    10160.0 +-       nan (     10160 ;   9.53 +- 0.095 % )
     18:     9115.0 +-       nan (      9115 ;   8.55 +- 0.090 % )
     19:       68.0 +-       nan (        68 ;   0.06 +- 0.008 % )
     20:       65.0 +-       nan (        65 ;   0.06 +- 0.008 % )
     21:       38.0 +-       nan (        38 ;   0.04 +- 0.006 % )

  ----------------------------------------------------------------------------
  195847_MC_Alpgen_tt-LF_8TeV (RunNumber = 164440):
  ----------------------------------------------------------------------------

    Number of generated events (unweighted) =     106585
    Number of analysed events (unweighted)  =     106585
    Number of analysed events (weighted)    =     106585.0
    Weight of analysed events               =          1.00000
    Luminosity of the sample                =          8.46030

    Level         Weighted             (Unweighted)
      0:   106585.0 +-    326.47 (    106585 ; 100.00 +- 0.306 % )
      1:   106585.0 +-    326.47 (    106585 ; 100.00 +- 0.306 % )
      2:   106585.0 +-    326.47 (    106585 ; 100.00 +- 0.306 % )
      3:   106585.0 +-    326.47 (    106585 ; 100.00 +- 0.306 % )
      4:   106585.0 +-    326.47 (    106585 ; 100.00 +- 0.306 % )
      5:    18565.0 +-    136.25 (     18565 ;  17.42 +- 0.128 % )
      6:    18560.0 +-    136.24 (     18560 ;  17.41 +- 0.128 % )
      7:    18340.0 +-    135.43 (     18340 ;  17.21 +- 0.127 % )
      8:    18340.0 +-    135.43 (     18340 ;  17.21 +- 0.127 % )
      9:    18340.0 +-    135.43 (     18340 ;  17.21 +- 0.127 % )
     10:    18135.0 +-    134.67 (     18135 ;  17.01 +- 0.126 % )
     11:    18135.0 +-    134.67 (     18135 ;  17.01 +- 0.126 % )
     12:    18135.0 +-    134.67 (     18135 ;  17.01 +- 0.126 % )
     13:    18135.0 +-    134.67 (     18135 ;  17.01 +- 0.126 % )
     14:    11746.0 +-    108.38 (     11746 ;  11.02 +- 0.102 % )
     15:    11746.0 +-    108.38 (     11746 ;  11.02 +- 0.102 % )
     16:    11699.0 +-    108.16 (     11699 ;  10.98 +- 0.101 % )
     17:    10160.0 +-    100.80 (     10160 ;   9.53 +- 0.095 % )
     18:     9115.0 +-     95.47 (      9115 ;   8.55 +- 0.090 % )
     19:       68.0 +-      8.25 (        68 ;   0.06 +- 0.008 % )
     20:       65.0 +-      8.06 (        65 ;   0.06 +- 0.008 % )
     21:       38.0 +-      6.16 (        38 ;   0.04 +- 0.006 % )
  Now is Thu 10 Jan 2013 23:04:53
  Total time was 25.000 s 
