
 #################################################################################
										 
    _      _         __  __ _       _                        _           _    
   | |    (_)       |  \/  (_)     (_)     /\               | |         (_)   
   | |     _ _ __   | \  / |_ _ __  _     /  \   _ __   __ _| |_   _ ___ _ ___ 
   | |    | | '_ \  | |\/| | | '_ \| |   / /\ \ | '_ \ / _` | | | | / __| / __|
   | |____| | |_) | | |  | | | | | | |  / ____ \| | | | (_| | | |_| \__ \ \__ \
   |______|_| .__/  |_|  |_|_|_| |_|_| /_/    \_\_| |_|\__,_|_|\__, |___/_|___/
            | |                                                 __/ |          
            |_|                                                |___/           
                                                                              
 #################################################################################
                                                                              
   LipMiniAnalysis  1.00
                                                                              
                                              \      | | / |  /    |   |  ||  
                                               '-___-+-+'  |_/     |   |  |   
   By Antonio Onofre                          `--___-++--^'|       |   | /|   
      (antonio.onofre@cern.ch)                       ||    |       |   |' |   
   Date: 23.Nov.2012                          --___  ||    |       | _/|  |   
                                              ==---:-++___ |  ___--+'  |  |   
                                                '--_'|'---'+--___  |   |  |   
                                                    '+-_   |     '-+__ |  |   
                                              ._.          ._.       ._____   
                                              | |          | |       | ___ \  
                                              | |_.        | |       | .___/  
                                              |___|        |_|       |_|      
                                                                              
   Note: 	this code was built from LipCbrAnalysis developed by             
     		Nuno Castro   (nfcastro@lipc.fis.uc.pt)  and                     
         	Filipe Veloso (fveloso@lipc.fis.uc.pt)                           
                                                                              
                                                                              
 #################################################################################

  Date and Time:  Fri 22 Feb 2013 13:14:31
  Host name: MacBook-Pro-de-Andre-2.local

 #################################################################################

  OutputFileName = ttH125_dilepbb_em
  SetSystematicsFileName = ../../RefSys/Ref.txt
  Sample = 901
  CutTriggerEle = -1
  CutTriggerEleMuo = 1
  lepSample = 23

 #################################################################################


 ====================================================
  DefineSamples() :   Running in Mac OS X 10.6.8  ===
 ====================================================

  No truth charged lepton separation is being made for samples 105200/105205

   ATLAS LIP Mini (8TeV) ttH (dilep) Analysis

   Mini TopTools Monte Carlo (MiniTTHReader)
Pythia8_AU2CTEQ6L1_ttH125_dilepbb

 #################################################################################

Will run for the following ref/systematics:
 0 ../Output/

 #################################################################################

  Next file: ../Links/mini_Pythia8_AU2CTEQ6L1_ttH125_dilepbb.root
  Initializing time was 0.00 s 

Size of Original File: 1747730
Free Space in /dev/shm: -1
Free Space in /var/folders/hb/rk_pmysd6dn_s6x042fmps0r0000gn/T/: 12078843691008
Copy Size : 1747730
  Read time was 0.00 s 
  Speed was inf B/s 
Used File: /var/folders/hb/rk_pmysd6dn_s6x042fmps0r0000gn/T//LipMiniAnalysisTempFile2459747691
Error File Removing: /var/folders/hb/rk_pmysd6dn_s6x042fmps0r0000gn/T//LipMiniAnalysisTempFile2459747691
  Partial time was 12.00 s 


 ################################################################################

Summary for 0 ../Output/

  Luminosity set to: 8.46030 fb^-1

  ----------------------------------------------------------------------------
  Total MC (RunNumber = -1):
  ----------------------------------------------------------------------------

    Number of generated events (unweighted) =       5703
    Number of analysed events (unweighted)  =       5703
    Number of analysed events (weighted)    =       5738.1
    Weight of analysed events               =          1.00615
    Luminosity of the sample                =          1.00000

    Level         Weighted             (Unweighted)
      0:     5738.1 +-       nan (      5703 ; 100.00 +- 1.324 % )
      1:     5738.1 +-       nan (      5703 ; 100.00 +- 1.324 % )
      2:     5738.1 +-       nan (      5703 ; 100.00 +- 1.324 % )
      3:     5738.1 +-       nan (      5703 ; 100.00 +- 1.324 % )
      4:     5738.1 +-       nan (      5703 ; 100.00 +- 1.324 % )
      5:     2897.7 +-       nan (      2874 ;  50.39 +- 0.940 % )
      6:     2895.7 +-       nan (      2872 ;  50.36 +- 0.940 % )
      7:     2882.7 +-       nan (      2859 ;  50.13 +- 0.938 % )
      8:     2882.7 +-       nan (      2859 ;  50.13 +- 0.938 % )
      9:     2882.7 +-       nan (      2859 ;  50.13 +- 0.938 % )
     10:     2861.7 +-       nan (      2838 ;  49.76 +- 0.934 % )
     11:     2861.7 +-       nan (      2838 ;  49.76 +- 0.934 % )
     12:     2861.7 +-       nan (      2838 ;  49.76 +- 0.934 % )
     13:     2861.7 +-       nan (      2838 ;  49.76 +- 0.934 % )
     14:     2816.7 +-       nan (      2793 ;  48.97 +- 0.927 % )
     15:     2814.7 +-       nan (      2791 ;  48.94 +- 0.926 % )
     16:     2814.7 +-       nan (      2791 ;  48.94 +- 0.926 % )
     17:     2814.7 +-       nan (      2791 ;  48.94 +- 0.926 % )
     18:     2707.5 +-       nan (      2686 ;  47.10 +- 0.909 % )
     19:     1867.0 +-       nan (      1858 ;  32.58 +- 0.756 % )
     20:     1732.0 +-       nan (      1723 ;  30.21 +- 0.728 % )
     21:     1464.0 +-       nan (      1455 ;  25.51 +- 0.669 % )

  ----------------------------------------------------------------------------
  161871_Pythia8_AU2CTEQ6L1_ttH125_dilepbb (RunNumber = 161871):
  ----------------------------------------------------------------------------

    Number of generated events (unweighted) =       5703
    Number of analysed events (unweighted)  =       5703
    Number of analysed events (weighted)    =       5738.1
    Weight of analysed events               =          1.00615
    Luminosity of the sample                =          8.46030

    Level         Weighted             (Unweighted)
      0:     5738.1 +-     75.98 (      5703 ; 100.00 +- 1.324 % )
      1:     5738.1 +-     75.98 (      5703 ; 100.00 +- 1.324 % )
      2:     5738.1 +-     75.98 (      5703 ; 100.00 +- 1.324 % )
      3:     5738.1 +-     75.98 (      5703 ; 100.00 +- 1.324 % )
      4:     5738.1 +-     75.98 (      5703 ; 100.00 +- 1.324 % )
      5:     2897.7 +-     54.05 (      2874 ;  50.39 +- 0.940 % )
      6:     2895.7 +-     54.03 (      2872 ;  50.36 +- 0.940 % )
      7:     2882.7 +-     53.91 (      2859 ;  50.13 +- 0.938 % )
      8:     2882.7 +-     53.91 (      2859 ;  50.13 +- 0.938 % )
      9:     2882.7 +-     53.91 (      2859 ;  50.13 +- 0.938 % )
     10:     2861.7 +-     53.72 (      2838 ;  49.76 +- 0.934 % )
     11:     2861.7 +-     53.72 (      2838 ;  49.76 +- 0.934 % )
     12:     2861.7 +-     53.72 (      2838 ;  49.76 +- 0.934 % )
     13:     2861.7 +-     53.72 (      2838 ;  49.76 +- 0.934 % )
     14:     2816.7 +-     53.30 (      2793 ;  48.97 +- 0.927 % )
     15:     2814.7 +-     53.28 (      2791 ;  48.94 +- 0.926 % )
     16:     2814.7 +-     53.28 (      2791 ;  48.94 +- 0.926 % )
     17:     2814.7 +-     53.28 (      2791 ;  48.94 +- 0.926 % )
     18:     2707.5 +-     52.24 (      2686 ;  47.10 +- 0.909 % )
     19:     1867.0 +-     43.31 (      1858 ;  32.58 +- 0.756 % )
     20:     1732.0 +-     41.73 (      1723 ;  30.21 +- 0.728 % )
     21:     1464.0 +-     38.38 (      1455 ;  25.51 +- 0.669 % )
  Now is Fri 22 Feb 2013 13:14:46
  Total time was 15.000 s 
